Wed Dec 06 2017 15:09:10 GMT-0600 (CST) GET /about
Wed Dec 06 2017 15:09:23 GMT-0600 (CST) GET /
Wed Dec 06 2017 15:10:12 GMT-0600 (CST) GET /
Wed Dec 06 2017 15:14:39 GMT-0600 (CST) GET /
Wed Dec 06 2017 15:16:16 GMT-0600 (CST) GET /
Wed Dec 06 2017 15:17:41 GMT-0600 (CST) GET /
Wed Dec 06 2017 15:17:46 GMT-0600 (CST) GET /about
Wed Dec 06 2017 15:17:48 GMT-0600 (CST) GET /
Wed Dec 06 2017 15:18:23 GMT-0600 (CST) GET /
Wed Dec 06 2017 15:20:55 GMT-0600 (CST) GET /
Wed Dec 06 2017 15:22:05 GMT-0600 (CST) GET /help.html
Wed Dec 06 2017 15:22:11 GMT-0600 (CST) GET /about
Wed Dec 06 2017 15:22:17 GMT-0600 (CST) GET /
Wed Dec 06 2017 15:23:15 GMT-0600 (CST) GET /
Wed Dec 06 2017 15:31:26 GMT-0600 (CST) GET /
Wed Dec 06 2017 21:30:28 GMT-0600 (CST) GET /
Wed Dec 06 2017 21:30:34 GMT-0600 (CST) GET /about
Wed Dec 06 2017 21:30:35 GMT-0600 (CST) GET /
Wed Dec 06 2017 21:34:19 GMT-0600 (CST) GET /about
Wed Dec 06 2017 21:42:18 GMT-0600 (CST) GET /help.html
Thu Dec 07 2017 11:16:43 GMT-0600 (CST) GET /
Thu Dec 07 2017 11:16:46 GMT-0600 (CST) GET /
Thu Dec 07 2017 11:16:46 GMT-0600 (CST) GET /favicon.ico
Thu Dec 07 2017 11:16:47 GMT-0600 (CST) GET /favicon.ico
Thu Dec 07 2017 11:16:47 GMT-0600 (CST) GET /
Thu Dec 07 2017 11:16:51 GMT-0600 (CST) GET /about
Thu Dec 07 2017 11:16:52 GMT-0600 (CST) GET /about
Thu Dec 07 2017 11:16:55 GMT-0600 (CST) GET /
Thu Dec 07 2017 11:16:56 GMT-0600 (CST) GET /
Thu Dec 07 2017 11:32:21 GMT-0600 (CST) GET /
Thu Dec 07 2017 11:32:24 GMT-0600 (CST) GET /
Tue Dec 19 2017 09:34:46 GMT-0600 (CST) GET /
Tue Dec 19 2017 09:34:48 GMT-0600 (CST) GET /favicon.ico
Tue Dec 19 2017 09:34:51 GMT-0600 (CST) GET /about
Tue Dec 19 2017 09:34:53 GMT-0600 (CST) GET /
